{"D:\\DEV\\DEMO\\yugutou-ui\\packages\\components\\index.ts": {"path":"D:\\DEV\\DEMO\\yugutou-ui\\packages\\components\\index.ts","all":false,"statementMap":{"0":{"start":{"line":1,"column":0},"end":{"line":1,"column":24}},"1":{"start":{"line":2,"column":0},"end":{"line":2,"column":22}}},"s":{"0":1,"1":1},"branchMap":{},"b":{},"fnMap":{},"f":{}}
,"D:\\DEV\\DEMO\\yugutou-ui\\packages\\components\\Button\\Button.vue": {"path":"D:\\DEV\\DEMO\\yugutou-ui\\packages\\components\\Button\\Button.vue","all":false,"statementMap":{"0":{"start":{"line":1,"column":0},"end":{"line":1,"column":24}},"2":{"start":{"line":3,"column":0},"end":{"line":3,"column":36}},"3":{"start":{"line":4,"column":0},"end":{"line":4,"column":54}},"4":{"start":{"line":5,"column":0},"end":{"line":5,"column":34}},"5":{"start":{"line":6,"column":0},"end":{"line":6,"column":53}},"11":{"start":{"line":12,"column":0},"end":{"line":12,"column":56}},"19":{"start":{"line":20,"column":0},"end":{"line":20,"column":39}},"21":{"start":{"line":22,"column":0},"end":{"line":22,"column":27}},"23":{"start":{"line":24,"column":0},"end":{"line":24,"column":68}},"25":{"start":{"line":26,"column":0},"end":{"line":26,"column":56}},"27":{"start":{"line":28,"column":0},"end":{"line":28,"column":72}},"28":{"start":{"line":29,"column":0},"end":{"line":29,"column":72}},"29":{"start":{"line":30,"column":0},"end":{"line":30,"column":95}},"31":{"start":{"line":32,"column":0},"end":{"line":32,"column":55}},"32":{"start":{"line":33,"column":0},"end":{"line":33,"column":74}},"34":{"start":{"line":35,"column":0},"end":{"line":35,"column":35}},"35":{"start":{"line":36,"column":0},"end":{"line":36,"column":24}},"36":{"start":{"line":37,"column":0},"end":{"line":37,"column":27}},"37":{"start":{"line":38,"column":0},"end":{"line":38,"column":3}},"38":{"start":{"line":39,"column":0},"end":{"line":39,"column":8}},"39":{"start":{"line":40,"column":0},"end":{"line":40,"column":18}},"40":{"start":{"line":41,"column":0},"end":{"line":41,"column":3}},"41":{"start":{"line":42,"column":0},"end":{"line":42,"column":1}},"43":{"start":{"line":44,"column":0},"end":{"line":44,"column":30}},"44":{"start":{"line":45,"column":0},"end":{"line":45,"column":12}},"45":{"start":{"line":46,"column":0},"end":{"line":46,"column":2}},"49":{"start":{"line":50,"column":0},"end":{"line":50,"column":12}},"50":{"start":{"line":51,"column":0},"end":{"line":51,"column":13}},"51":{"start":{"line":52,"column":0},"end":{"line":52,"column":16}},"52":{"start":{"line":53,"column":0},"end":{"line":53,"column":60}},"53":{"start":{"line":54,"column":0},"end":{"line":54,"column":20}},"54":{"start":{"line":55,"column":0},"end":{"line":55,"column":13}},"63":{"start":{"line":64,"column":0},"end":{"line":64,"column":26}},"64":{"start":{"line":65,"column":0},"end":{"line":65,"column":54}},"65":{"start":{"line":66,"column":0},"end":{"line":66,"column":22}},"67":{"start":{"line":68,"column":0},"end":{"line":68,"column":29}},"68":{"start":{"line":69,"column":0},"end":{"line":69,"column":27}},"69":{"start":{"line":70,"column":0},"end":{"line":70,"column":86}},"70":{"start":{"line":71,"column":0},"end":{"line":71,"column":13}},"71":{"start":{"line":72,"column":0},"end":{"line":72,"column":15}},"73":{"start":{"line":74,"column":0},"end":{"line":74,"column":60}},"75":{"start":{"line":76,"column":0},"end":{"line":76,"column":46}},"76":{"start":{"line":77,"column":0},"end":{"line":77,"column":12}},"77":{"start":{"line":78,"column":0},"end":{"line":78,"column":16}},"78":{"start":{"line":79,"column":0},"end":{"line":79,"column":13}},"80":{"start":{"line":81,"column":0},"end":{"line":81,"column":14}}},"s":{"0":39,"2":1,"3":1,"4":1,"5":1,"11":1,"19":1,"21":1,"23":1,"25":1,"27":1,"28":1,"29":1,"31":1,"32":1,"34":7,"35":7,"36":3,"37":3,"38":4,"39":4,"40":4,"41":7,"43":1,"44":1,"45":1,"49":1,"50":1,"51":1,"52":1,"53":1,"54":1,"63":1,"64":1,"65":1,"67":1,"68":1,"69":1,"70":1,"71":1,"73":1,"75":1,"76":23,"77":23,"78":1,"80":1},"branchMap":{"0":{"type":"branch","line":28,"loc":{"start":{"line":28,"column":22},"end":{"line":28,"column":71}},"locations":[{"start":{"line":28,"column":22},"end":{"line":28,"column":71}}]},"1":{"type":"branch","line":28,"loc":{"start":{"line":28,"column":28},"end":{"line":28,"column":61}},"locations":[{"start":{"line":28,"column":28},"end":{"line":28,"column":61}}]},"2":{"type":"branch","line":28,"loc":{"start":{"line":28,"column":54},"end":{"line":28,"column":71}},"locations":[{"start":{"line":28,"column":54},"end":{"line":28,"column":71}}]},"3":{"type":"branch","line":29,"loc":{"start":{"line":29,"column":22},"end":{"line":29,"column":71}},"locations":[{"start":{"line":29,"column":22},"end":{"line":29,"column":71}}]},"4":{"type":"branch","line":29,"loc":{"start":{"line":29,"column":28},"end":{"line":29,"column":61}},"locations":[{"start":{"line":29,"column":28},"end":{"line":29,"column":61}}]},"5":{"type":"branch","line":29,"loc":{"start":{"line":29,"column":54},"end":{"line":29,"column":71}},"locations":[{"start":{"line":29,"column":54},"end":{"line":29,"column":71}}]},"6":{"type":"branch","line":30,"loc":{"start":{"line":30,"column":26},"end":{"line":30,"column":94}},"locations":[{"start":{"line":30,"column":26},"end":{"line":30,"column":94}}]},"7":{"type":"branch","line":30,"loc":{"start":{"line":30,"column":33},"end":{"line":30,"column":70}},"locations":[{"start":{"line":30,"column":33},"end":{"line":30,"column":70}}]},"8":{"type":"branch","line":30,"loc":{"start":{"line":30,"column":59},"end":{"line":30,"column":89}},"locations":[{"start":{"line":30,"column":59},"end":{"line":30,"column":89}}]},"9":{"type":"branch","line":30,"loc":{"start":{"line":30,"column":76},"end":{"line":30,"column":94}},"locations":[{"start":{"line":30,"column":76},"end":{"line":30,"column":94}}]},"10":{"type":"branch","line":32,"loc":{"start":{"line":32,"column":20},"end":{"line":32,"column":55}},"locations":[{"start":{"line":32,"column":20},"end":{"line":32,"column":55}}]},"11":{"type":"branch","line":35,"loc":{"start":{"line":35,"column":0},"end":{"line":42,"column":1}},"locations":[{"start":{"line":35,"column":0},"end":{"line":42,"column":1}}]},"12":{"type":"branch","line":36,"loc":{"start":{"line":36,"column":23},"end":{"line":38,"column":3}},"locations":[{"start":{"line":36,"column":23},"end":{"line":38,"column":3}}]},"13":{"type":"branch","line":38,"loc":{"start":{"line":38,"column":2},"end":{"line":41,"column":3}},"locations":[{"start":{"line":38,"column":2},"end":{"line":41,"column":3}}]},"14":{"type":"branch","line":53,"loc":{"start":{"line":53,"column":21},"end":{"line":53,"column":50}},"locations":[{"start":{"line":53,"column":21},"end":{"line":53,"column":50}}]},"15":{"type":"branch","line":53,"loc":{"start":{"line":53,"column":37},"end":{"line":53,"column":60}},"locations":[{"start":{"line":53,"column":37},"end":{"line":53,"column":60}}]},"16":{"type":"branch","line":65,"loc":{"start":{"line":65,"column":15},"end":{"line":65,"column":34}},"locations":[{"start":{"line":65,"column":15},"end":{"line":65,"column":34}}]},"17":{"type":"branch","line":65,"loc":{"start":{"line":65,"column":27},"end":{"line":65,"column":44}},"locations":[{"start":{"line":65,"column":27},"end":{"line":65,"column":44}}]},"18":{"type":"branch","line":65,"loc":{"start":{"line":65,"column":34},"end":{"line":65,"column":54}},"locations":[{"start":{"line":65,"column":34},"end":{"line":65,"column":54}}]},"19":{"type":"branch","line":1,"loc":{"start":{"line":1,"column":0},"end":{"line":1,"column":24}},"locations":[{"start":{"line":1,"column":0},"end":{"line":1,"column":24}}]},"20":{"type":"branch","line":74,"loc":{"start":{"line":74,"column":17},"end":{"line":74,"column":36}},"locations":[{"start":{"line":74,"column":17},"end":{"line":74,"column":36}}]},"21":{"type":"branch","line":74,"loc":{"start":{"line":74,"column":26},"end":{"line":74,"column":60}},"locations":[{"start":{"line":74,"column":26},"end":{"line":74,"column":60}}]},"22":{"type":"branch","line":74,"loc":{"start":{"line":74,"column":53},"end":{"line":74,"column":60}},"locations":[{"start":{"line":74,"column":53},"end":{"line":74,"column":60}}]},"23":{"type":"branch","line":76,"loc":{"start":{"line":76,"column":21},"end":{"line":76,"column":46}},"locations":[{"start":{"line":76,"column":21},"end":{"line":76,"column":46}}]},"24":{"type":"branch","line":76,"loc":{"start":{"line":76,"column":37},"end":{"line":78,"column":16}},"locations":[{"start":{"line":76,"column":37},"end":{"line":78,"column":16}}]}},"b":{"0":[40],"1":[20],"2":[20],"3":[40],"4":[20],"5":[20],"6":[40],"7":[20],"8":[20],"9":[37],"10":[5],"11":[7],"12":[3],"13":[4],"14":[39],"15":[1],"16":[37],"17":[4],"18":[36],"19":[39],"20":[1],"21":[1],"22":[39],"23":[39],"24":[23]},"fnMap":{"0":{"name":"handleClick","decl":{"start":{"line":32,"column":20},"end":{"line":32,"column":55}},"loc":{"start":{"line":32,"column":20},"end":{"line":32,"column":55}},"line":32},"1":{"name":"clickFunc","decl":{"start":{"line":35,"column":0},"end":{"line":42,"column":1}},"loc":{"start":{"line":35,"column":0},"end":{"line":42,"column":1}},"line":35}},"f":{"0":5,"1":7}}
,"D:\\DEV\\DEMO\\yugutou-ui\\packages\\components\\Button\\ButtonGroup.vue": {"path":"D:\\DEV\\DEMO\\yugutou-ui\\packages\\components\\Button\\ButtonGroup.vue","all":false,"statementMap":{"0":{"start":{"line":1,"column":0},"end":{"line":1,"column":24}},"2":{"start":{"line":3,"column":0},"end":{"line":3,"column":46}},"3":{"start":{"line":4,"column":0},"end":{"line":4,"column":50}},"9":{"start":{"line":10,"column":0},"end":{"line":10,"column":45}},"11":{"start":{"line":12,"column":0},"end":{"line":12,"column":49}},"12":{"start":{"line":13,"column":0},"end":{"line":13,"column":12}},"13":{"start":{"line":14,"column":0},"end":{"line":14,"column":31}},"14":{"start":{"line":15,"column":0},"end":{"line":15,"column":31}},"15":{"start":{"line":16,"column":0},"end":{"line":16,"column":39}},"16":{"start":{"line":17,"column":0},"end":{"line":17,"column":5}},"17":{"start":{"line":18,"column":0},"end":{"line":18,"column":1}},"21":{"start":{"line":22,"column":0},"end":{"line":22,"column":30}},"22":{"start":{"line":23,"column":0},"end":{"line":23,"column":12}},"23":{"start":{"line":24,"column":0},"end":{"line":24,"column":8}}},"s":{"0":1,"2":1,"3":1,"9":1,"11":1,"12":1,"13":1,"14":1,"15":1,"16":1,"17":1,"21":1,"22":1,"23":1},"branchMap":{},"b":{},"fnMap":{},"f":{}}
,"D:\\DEV\\DEMO\\yugutou-ui\\packages\\components\\Button\\constants.ts": {"path":"D:\\DEV\\DEMO\\yugutou-ui\\packages\\components\\Button\\constants.ts","all":false,"statementMap":{"3":{"start":{"line":4,"column":0},"end":{"line":4,"column":100}}},"s":{"3":1},"branchMap":{},"b":{},"fnMap":{},"f":{}}
,"D:\\DEV\\DEMO\\yugutou-ui\\packages\\components\\Button\\index.ts": {"path":"D:\\DEV\\DEMO\\yugutou-ui\\packages\\components\\Button\\index.ts","all":false,"statementMap":{"0":{"start":{"line":1,"column":0},"end":{"line":1,"column":47}},"4":{"start":{"line":5,"column":0},"end":{"line":5,"column":42}},"5":{"start":{"line":6,"column":0},"end":{"line":6,"column":52}}},"s":{"0":1,"4":1,"5":1},"branchMap":{},"b":{},"fnMap":{},"f":{}}
,"D:\\DEV\\DEMO\\yugutou-ui\\packages\\components\\Button\\types.ts": {"path":"D:\\DEV\\DEMO\\yugutou-ui\\packages\\components\\Button\\types.ts","all":false,"statementMap":{},"s":{},"branchMap":{},"b":{},"fnMap":{},"f":{}}
,"D:\\DEV\\DEMO\\yugutou-ui\\packages\\components\\Icon\\Icon.vue": {"path":"D:\\DEV\\DEMO\\yugutou-ui\\packages\\components\\Icon\\Icon.vue","all":false,"statementMap":{"0":{"start":{"line":1,"column":0},"end":{"line":1,"column":24}},"2":{"start":{"line":3,"column":0},"end":{"line":3,"column":62}},"3":{"start":{"line":4,"column":0},"end":{"line":4,"column":32}},"4":{"start":{"line":5,"column":0},"end":{"line":5,"column":30}},"8":{"start":{"line":9,"column":0},"end":{"line":9,"column":38}},"10":{"start":{"line":11,"column":0},"end":{"line":11,"column":66}},"11":{"start":{"line":12,"column":0},"end":{"line":12,"column":37}},"12":{"start":{"line":13,"column":0},"end":{"line":13,"column":44}},"13":{"start":{"line":14,"column":0},"end":{"line":14,"column":2}},"17":{"start":{"line":18,"column":0},"end":{"line":18,"column":4}},"18":{"start":{"line":19,"column":0},"end":{"line":19,"column":18}},"19":{"start":{"line":20,"column":0},"end":{"line":20,"column":43}},"20":{"start":{"line":21,"column":0},"end":{"line":21,"column":25}},"22":{"start":{"line":23,"column":0},"end":{"line":23,"column":44}},"23":{"start":{"line":24,"column":0},"end":{"line":24,"column":6}}},"s":{"0":1,"2":1,"3":1,"4":1,"8":1,"10":1,"11":1,"12":1,"13":1,"17":1,"18":1,"19":1,"20":1,"22":1,"23":1},"branchMap":{},"b":{},"fnMap":{},"f":{}}
,"D:\\DEV\\DEMO\\yugutou-ui\\packages\\components\\Icon\\index.ts": {"path":"D:\\DEV\\DEMO\\yugutou-ui\\packages\\components\\Icon\\index.ts","all":false,"statementMap":{"0":{"start":{"line":1,"column":0},"end":{"line":1,"column":47}},"3":{"start":{"line":4,"column":0},"end":{"line":4,"column":38}}},"s":{"0":1,"3":1},"branchMap":{},"b":{},"fnMap":{},"f":{}}
,"D:\\DEV\\DEMO\\yugutou-ui\\packages\\components\\Icon\\type.ts": {"path":"D:\\DEV\\DEMO\\yugutou-ui\\packages\\components\\Icon\\type.ts","all":false,"statementMap":{},"s":{},"branchMap":{},"b":{},"fnMap":{},"f":{}}
}
